# JRE version: Java(TM) SE Runtime Environment (8.0_181-b13) (build 1.8.0_181-b13)
# Java VM: Java HotSpot(TM) 64-Bit Server VM (25.181-b13 mixed mode linux-amd64 compressed oops)
Heap:
 PSYoungGen      total 249856K, used 19308K [0x00000000eab00000, 0x00000000fb580000, 0x0000000100000000)
  eden space 226816K, 0% used [0x00000000eab00000,0x00000000eab00000,0x00000000f8880000)
  from space 23040K, 83% used [0x00000000f8880000,0x00000000f9b5b3d0,0x00000000f9f00000)
  to   space 17920K, 0% used [0x00000000fa180000,0x00000000fa180000,0x00000000fb300000)
 ParOldGen       total 93184K, used 41553K [0x00000000c0000000, 0x00000000c5b00000, 0x00000000eab00000)
  object space 93184K, 44% used [0x00000000c0000000,0x00000000c28944e0,0x00000000c5b00000)
 Metaspace       used 47837K, capacity 48912K, committed 49152K, reserved 1091584K
  class space    used 6481K, capacity 6801K, committed 6912K, reserved 1048576K
GC Heap History (10 events):
Event: 6.861 GC heap after
Heap after GC invocations=10 (full 2):
 PSYoungGen      total 160256K, used 0K [0x00000000eab00000, 0x00000000f8200000, 0x0000000100000000)
  eden space 148992K, 0% used [0x00000000eab00000,0x00000000eab00000,0x00000000f3c80000)
  from space 11264K, 0% used [0x00000000f4980000,0x00000000f4980000,0x00000000f5480000)
  to   space 13312K, 0% used [0x00000000f3c80000,0x00000000f3c80000,0x00000000f4980000)
 ParOldGen       total 93184K, used 19559K [0x00000000c0000000, 0x00000000c5b00000, 0x00000000eab00000)
  object space 93184K, 20% used [0x00000000c0000000,0x00000000c1319fa0,0x00000000c5b00000)
 Metaspace       used 34697K, capacity 35364K, committed 35496K, reserved 1079296K
  class space    used 5079K, capacity 5292K, committed 5376K, reserved 1048576K
}
Event: 9.449 GC heap before
{Heap before GC invocations=11 (full 2):
 PSYoungGen      total 160256K, used 148992K [0x00000000eab00000, 0x00000000f8200000, 0x0000000100000000)
  eden space 148992K, 100% used [0x00000000eab00000,0x00000000f3c80000,0x00000000f3c80000)
  from space 11264K, 0% used [0x00000000f4980000,0x00000000f4980000,0x00000000f5480000)
  to   space 13312K, 0% used [0x00000000f3c80000,0x00000000f3c80000,0x00000000f4980000)
 ParOldGen       total 93184K, used 19559K [0x00000000c0000000, 0x00000000c5b00000, 0x00000000eab00000)
  object space 93184K, 20% used [0x00000000c0000000,0x00000000c1319fa0,0x00000000c5b00000)
 Metaspace       used 37420K, capacity 38206K, committed 38400K, reserved 1081344K
  class space    used 5371K, capacity 5627K, committed 5632K, reserved 1048576K
Event: 9.463 GC heap after
Heap after GC invocations=11 (full 2):
 PSYoungGen      total 162304K, used 7805K [0x00000000eab00000, 0x00000000f7980000, 0x0000000100000000)
  eden space 148992K, 0% used [0x00000000eab00000,0x00000000eab00000,0x00000000f3c80000)
  from space 13312K, 58% used [0x00000000f3c80000,0x00000000f441f580,0x00000000f4980000)
  to   space 12800K, 0% used [0x00000000f6d00000,0x00000000f6d00000,0x00000000f7980000)
 ParOldGen       total 93184K, used 19567K [0x00000000c0000000, 0x00000000c5b00000, 0x00000000eab00000)
  object space 93184K, 20% used [0x00000000c0000000,0x00000000c131bfa0,0x00000000c5b00000)
 Metaspace       used 37420K, capacity 38206K, committed 38400K, reserved 1081344K
  class space    used 5371K, capacity 5627K, committed 5632K, reserved 1048576K
}
Event: 10.473 GC heap before
{Heap before GC invocations=12 (full 2):
 PSYoungGen      total 162304K, used 156797K [0x00000000eab00000, 0x00000000f7980000, 0x0000000100000000)
  eden space 148992K, 100% used [0x00000000eab00000,0x00000000f3c80000,0x00000000f3c80000)
  from space 13312K, 58% used [0x00000000f3c80000,0x00000000f441f580,0x00000000f4980000)
  to   space 12800K, 0% used [0x00000000f6d00000,0x00000000f6d00000,0x00000000f7980000)
 ParOldGen       total 93184K, used 19567K [0x00000000c0000000, 0x00000000c5b00000, 0x00000000eab00000)
  object space 93184K, 20% used [0x00000000c0000000,0x00000000c131bfa0,0x00000000c5b00000)
 Metaspace       used 38069K, capacity 38874K, committed 39040K, reserved 1083392K
  class space    used 5422K, capacity 5669K, committed 5760K, reserved 1048576K
Event: 10.502 GC heap after
Heap after GC invocations=12 (full 2):
 PSYoungGen      total 198656K, used 9072K [0x00000000eab00000, 0x00000000f7c00000, 0x0000000100000000)
  eden space 185856K, 0% used [0x00000000eab00000,0x00000000eab00000,0x00000000f6080000)
  from space 12800K, 70% used [0x00000000f6d00000,0x00000000f75dc040,0x00000000f7980000)
  to   space 12800K, 0% used [0x00000000f6080000,0x00000000f6080000,0x00000000f6d00000)
 ParOldGen       total 93184K, used 19575K [0x00000000c0000000, 0x00000000c5b00000, 0x00000000eab00000)
  object space 93184K, 21% used [0x00000000c0000000,0x00000000c131dfa0,0x00000000c5b00000)
 Metaspace       used 38069K, capacity 38874K, committed 39040K, reserved 1083392K
  class space    used 5422K, capacity 5669K, committed 5760K, reserved 1048576K
}
Event: 12.776 GC heap before
{Heap before GC invocations=13 (full 2):
 PSYoungGen      total 198656K, used 194928K [0x00000000eab00000, 0x00000000f7c00000, 0x0000000100000000)
  eden space 185856K, 100% used [0x00000000eab00000,0x00000000f6080000,0x00000000f6080000)
  from space 12800K, 70% used [0x00000000f6d00000,0x00000000f75dc040,0x00000000f7980000)
  to   space 12800K, 0% used [0x00000000f6080000,0x00000000f6080000,0x00000000f6d00000)
 ParOldGen       total 93184K, used 19575K [0x00000000c0000000, 0x00000000c5b00000, 0x00000000eab00000)
  object space 93184K, 21% used [0x00000000c0000000,0x00000000c131dfa0,0x00000000c5b00000)
 Metaspace       used 43598K, capacity 44504K, committed 44544K, reserved 1087488K
  class space    used 6107K, capacity 6374K, committed 6400K, reserved 1048576K
Event: 12.824 GC heap after
Heap after GC invocations=13 (full 2):
 PSYoungGen      total 198656K, used 12791K [0x00000000eab00000, 0x00000000fb300000, 0x0000000100000000)
  eden space 185856K, 0% used [0x00000000eab00000,0x00000000eab00000,0x00000000f6080000)
  from space 12800K, 99% used [0x00000000f6080000,0x00000000f6cfddf8,0x00000000f6d00000)
  to   space 17920K, 0% used [0x00000000fa180000,0x00000000fa180000,0x00000000fb300000)
 ParOldGen       total 93184K, used 29683K [0x00000000c0000000, 0x00000000c5b00000, 0x00000000eab00000)
  object space 93184K, 31% used [0x00000000c0000000,0x00000000c1cfcfb0,0x00000000c5b00000)
 Metaspace       used 43598K, capacity 44504K, committed 44544K, reserved 1087488K
  class space    used 6107K, capacity 6374K, committed 6400K, reserved 1048576K
}
Event: 1301.206 GC heap before
{Heap before GC invocations=14 (full 2):
 PSYoungGen      total 198656K, used 198647K [0x00000000eab00000, 0x00000000fb300000, 0x0000000100000000)
  eden space 185856K, 100% used [0x00000000eab00000,0x00000000f6080000,0x00000000f6080000)
  from space 12800K, 99% used [0x00000000f6080000,0x00000000f6cfddf8,0x00000000f6d00000)
  to   space 17920K, 0% used [0x00000000fa180000,0x00000000fa180000,0x00000000fb300000)
 ParOldGen       total 93184K, used 29683K [0x00000000c0000000, 0x00000000c5b00000, 0x00000000eab00000)
  object space 93184K, 31% used [0x00000000c0000000,0x00000000c1cfcfb0,0x00000000c5b00000)
 Metaspace       used 47600K, capacity 48720K, committed 48896K, reserved 1091584K
  class space    used 6481K, capacity 6801K, committed 6912K, reserved 1048576K
Event: 1301.319 GC heap after
Heap after GC invocations=14 (full 2):
 PSYoungGen      total 244736K, used 17891K [0x00000000eab00000, 0x00000000fb580000, 0x0000000100000000)
  eden space 226816K, 0% used [0x00000000eab00000,0x00000000eab00000,0x00000000f8880000)
  from space 17920K, 99% used [0x00000000fa180000,0x00000000fb2f8f30,0x00000000fb300000)
  to   space 23040K, 0% used [0x00000000f8880000,0x00000000f8880000,0x00000000f9f00000)
 ParOldGen       total 93184K, used 37217K [0x00000000c0000000, 0x00000000c5b00000, 0x00000000eab00000)
  object space 93184K, 39% used [0x00000000c0000000,0x00000000c24585c0,0x00000000c5b00000)
 Metaspace       used 47600K, capacity 48720K, committed 48896K, reserved 1091584K
  class space    used 6481K, capacity 6801K, committed 6912K, reserved 1048576K
}
Event: 1302.809 GC heap before
{Heap before GC invocations=15 (full 2):
 PSYoungGen      total 244736K, used 244707K [0x00000000eab00000, 0x00000000fb580000, 0x0000000100000000)
  eden space 226816K, 100% used [0x00000000eab00000,0x00000000f8880000,0x00000000f8880000)
  from space 17920K, 99% used [0x00000000fa180000,0x00000000fb2f8f30,0x00000000fb300000)
  to   space 23040K, 0% used [0x00000000f8880000,0x00000000f8880000,0x00000000f9f00000)
 ParOldGen       total 93184K, used 37217K [0x00000000c0000000, 0x00000000c5b00000, 0x00000000eab00000)
  object space 93184K, 39% used [0x00000000c0000000,0x00000000c24585c0,0x00000000c5b00000)
 Metaspace       used 47837K, capacity 48912K, committed 49152K, reserved 1091584K
  class space    used 6481K, capacity 6801K, committed 6912K, reserved 1048576K

